<?xml version="1.0" encoding="UTF-8"?>
<testsuite name="SimpleBankSystemTest" tests="1" skipped="0" failures="0" errors="0" timestamp="2022-09-23T17:38:05" hostname="ins15" time="2.006">
  <properties/>
  <testcase name="start" classname="SimpleBankSystemTest" time="2.006"/>
  <system-out><![CDATA[?[1;31m
Start test 1?[0m
1. Create an account
2. Log into account
0. Exit
> 0
Bye!
?[1;31m
Start test 2?[0m
1. Create an account
2. Log into account
0. Exit
> 0
Bye!
?[1;31m
Start test 3?[0m
1. Create an account
2. Log into account
0. Exit
> 0
Bye!
?[1;31m
Start test 4?[0m
1. Create an account
2. Log into account
0. Exit
> 0
Bye!
?[1;31m
Start test 5?[0m
1. Create an account
2. Log into account
0. Exit
> 1
Your card has been created
Your card number: 
4000002734210899
Your card PIN: 
9980
1. Create an account
2. Log into account
0. Exit
> 1
Your card has been created
Your card number: 
4000006664814448
Your card PIN: 
4476
1. Create an account
2. Log into account
0. Exit
> 1
Your card has been created
Your card number: 
4000008374067952
Your card PIN: 
5867
1. Create an account
2. Log into account
0. Exit
> 1
Your card has been created
Your card number: 
4000003694082898
Your card PIN: 
3322
1. Create an account
2. Log into account
0. Exit
> 1
Your card has been created
Your card number: 
4000007549984117
Your card PIN: 
6060
1. Create an account
2. Log into account
0. Exit
> 0
Bye!
4000002734210899
4000006664814448
4000008374067952
4000003694082898
4000007549984117
?[1;31m
Start test 6?[0m
1. Create an account
2. Log into account
0. Exit
> 1
Your card has been created
Your card number: 
4000009047062529
Your card PIN: 
1156
1. Create an account
2. Log into account
0. Exit
> 2
Enter your card number:
> 4000009047062529
Enter your PIN:
> 1156
You have successfully logged in!
1. Balance
2. Add income
3. Do transfer
4. Close account
5. Log out
0. Exit
> 0
Bye!
?[1;31m
Start test 7?[0m
1. Create an account
2. Log into account
0. Exit
> 1
Your card has been created
Your card number: 
4000002423427861
Your card PIN: 
0297
1. Create an account
2. Log into account
0. Exit
> 2
Enter your card number:
> 4000002423427861
Enter your PIN:
> 1427
Wrong card number or PIN!
1. Create an account
2. Log into account
0. Exit
> 0
Bye!
?[1;31m
Start test 8?[0m
1. Create an account
2. Log into account
0. Exit
> 1
Your card has been created
Your card number: 
4000000509903110
Your card PIN: 
7555
1. Create an account
2. Log into account
0. Exit
> 2
Enter your card number:
> 400000431549972
Enter your PIN:
> 7555
Wrong card number or PIN!
1. Create an account
2. Log into account
0. Exit
> 0
Bye!
?[1;31m
Start test 9?[0m
1. Create an account
2. Log into account
0. Exit
> 1
Your card has been created
Your card number: 
4000002812369435
Your card PIN: 
2611
1. Create an account
2. Log into account
0. Exit
> 2
Enter your card number:
> 4000002812369435
Enter your PIN:
> 2611
You have successfully logged in!
1. Balance
2. Add income
3. Do transfer
4. Close account
5. Log out
0. Exit
> 1
Balance: 0
1. Balance
2. Add income
3. Do transfer
4. Close account
5. Log out
0. Exit
> 0
Bye!
?[1;31m
Start test 10?[0m
1. Create an account
2. Log into account
0. Exit
> 1
Your card has been created
Your card number: 
4000006856949309
Your card PIN: 
0143
1. Create an account
2. Log into account
0. Exit
> 2
Enter your card number:
> 4000006856949309
Enter your PIN:
> 0143
You have successfully logged in!
1. Balance
2. Add income
3. Do transfer
4. Close account
5. Log out
0. Exit
> 2
Enter income:
> 10000
Income was added!
1. Balance
2. Add income
3. Do transfer
4. Close account
5. Log out
0. Exit
> 0
Bye!
1. Create an account
2. Log into account
0. Exit
> 2
Enter your card number:
> 4000006856949309
Enter your PIN:
> 0143
You have successfully logged in!
1. Balance
2. Add income
3. Do transfer
4. Close account
5. Log out
0. Exit
> 2
Enter income:
> 15000
Income was added!
1. Balance
2. Add income
3. Do transfer
4. Close account
5. Log out
0. Exit
> 0
Bye!
?[1;31m
Start test 11?[0m
1. Create an account
2. Log into account
0. Exit
> 1
Your card has been created
Your card number: 
4000004352935658
Your card PIN: 
0190
1. Create an account
2. Log into account
0. Exit
> 1
Your card has been created
Your card number: 
4000002884681055
Your card PIN: 
9958
1. Create an account
2. Log into account
0. Exit
> 2
Enter your card number:
> 4000002884681055
Enter your PIN:
> 9958
You have successfully logged in!
1. Balance
2. Add income
3. Do transfer
4. Close account
5. Log out
0. Exit
> 3
Transfer
Enter card number:
> 2000007269641764
Probably you made a mistake in the card number. Please try again!
1. Balance
2. Add income
3. Do transfer
4. Close account
5. Log out
0. Exit
> 3
Transfer
Enter card number:
> 2000007269641768
Such a card does not exist.
1. Balance
2. Add income
3. Do transfer
4. Close account
5. Log out
0. Exit
> 3
Transfer
Enter card number:
> 4000004352935658
Enter how much money you want to transfer:
> 100000
Not enough money!
1. Balance
2. Add income
3. Do transfer
4. Close account
5. Log out
0. Exit
> 2
Enter income:
> 20000
Income was added!
1. Balance
2. Add income
3. Do transfer
4. Close account
5. Log out
0. Exit
> 3
Transfer
Enter card number:
> 4000004352935658
Enter how much money you want to transfer:
> 10000
Success!
1. Balance
2. Add income
3. Do transfer
4. Close account
5. Log out
0. Exit
> 0
Bye!
?[1;31m
Start test 12?[0m
1. Create an account
2. Log into account
0. Exit
> 1
Your card has been created
Your card number: 
4000007465788211
Your card PIN: 
3455
1. Create an account
2. Log into account
0. Exit
> 2
Enter your card number:
> 4000007465788211
Enter your PIN:
> 3455
You have successfully logged in!
1. Balance
2. Add income
3. Do transfer
4. Close account
5. Log out
0. Exit
> 4
The account has been closed!
1. Create an account
2. Log into account
0. Exit
> 0
Bye!
]]></system-out>
  <system-err><![CDATA[]]></system-err>
</testsuite>
